<?xml version="1.0" encoding="UTF-8"?>
<!-- Generated by org.testng.reporters.JUnitReportReporter -->
<testsuite hostname="dineshs-mbp.bluemedora.localnet" name="testCasesPackage.InstallManagementPack" tests="1" failures="0" timestamp="28 Jun 2017 17:41:47 GMT" time="363.701" errors="0">
  <testcase name="InstallManagementPack" time="363.701" classname="testCasesPackage.InstallManagementPack"/>
</testsuite> <!-- testCasesPackage.InstallManagementPack -->
