<?xml version="1.0" encoding="UTF-8"?>
<!-- Generated by org.testng.reporters.JUnitReportReporter -->
<testsuite hostname="dineshs-mbp.bluemedora.localnet" name="testCasesPackage.TestClass1" tests="1" failures="0" timestamp="28 Jun 2017 17:41:47 GMT" time="244.524" errors="0">
  <testcase name="CreateInstances" time="244.524" classname="testCasesPackage.TestClass1"/>
</testsuite> <!-- testCasesPackage.TestClass1 -->
